<?xml version="1.0" encoding="UTF-8"?>
<!-- Generated by org.testng.reporters.JUnitReportReporter -->
<testsuite hostname="Naveens-MacBook-Pro.local" failures="0" tests="1" name="testCases.TC_001_AccountRegistrationTest" time="2.131" errors="0" timestamp="2023-01-02T11:47:32 GST" skipped="0">
  <testcase classname="testCases.TC_001_AccountRegistrationTest" name="test_account_registration" time="2.131"/>
  <system-out/>
</testsuite> <!-- testCases.TC_001_AccountRegistrationTest -->
