<?xml version="1.0" encoding="UTF-8"?>
<!-- Generated by org.testng.reporters.JUnitReportReporter -->
<testsuite hostname="Naveens-MacBook-Pro.local" failures="0" tests="5" name="testCases.TC_003_DataDrivenTest" time="46.580" errors="0" timestamp="2023-01-02T11:47:32 GST" skipped="0">
  <testcase classname="testCases.TC_003_DataDrivenTest" name="testDataDriven" time="1.162"/>
  <system-out/>
  <testcase classname="testCases.TC_003_DataDrivenTest" name="testDataDriven" time="11.170"/>
  <system-out/>
  <testcase classname="testCases.TC_003_DataDrivenTest" name="testDataDriven" time="12.108"/>
  <system-out/>
  <testcase classname="testCases.TC_003_DataDrivenTest" name="testDataDriven" time="11.087"/>
  <system-out/>
  <testcase classname="testCases.TC_003_DataDrivenTest" name="testDataDriven" time="11.053"/>
  <system-out/>
</testsuite> <!-- testCases.TC_003_DataDrivenTest -->
